2022-04-07 22:36:06.506  WARN 24276 --- [http-nio-80-exec-4] c.e.s.Controller.BookController          : warn...
2022-04-07 22:36:06.508 ERROR 24276 --- [http-nio-80-exec-4] c.e.s.Controller.BookController          : error...
2022-04-07 22:36:06.508 DEBUG 24276 --- [http-nio-80-exec-4] m.m.a.RequestResponseBodyMethodProcessor : Using 'text/html', given [text/html, application/xhtml+xml, image/avif, image/webp, image/apng, application/xml;q=0.9, application/signed-exchange;v=b3;q=0.9, */*;q=0.8] and supported [text/plain, */*, text/plain, */*, application/json, application/*+json, application/json, application/*+json]
2022-04-07 22:36:06.508 DEBUG 24276 --- [http-nio-80-exec-4] m.m.a.RequestResponseBodyMethodProcessor : Writing ["SpringBoot is running!"]
2022-04-07 22:36:06.509 DEBUG 24276 --- [http-nio-80-exec-4] o.s.web.servlet.DispatcherServlet        : Completed 200 OK
2022-04-07 22:36:06.743 DEBUG 24276 --- [http-nio-80-exec-5] o.s.web.servlet.DispatcherServlet        : GET "/books", parameters={}
2022-04-07 22:36:06.744 DEBUG 24276 --- [http-nio-80-exec-5] s.w.s.m.m.a.RequestMappingHandlerMapping : Mapped to com.example.springboot_quick_starter.Controller.BookController#GetById()
2022-04-07 22:36:06.744 DEBUG 24276 --- [http-nio-80-exec-5] c.e.s.Controller.BookController          : debug...
2022-04-07 22:36:06.744  INFO 24276 --- [http-nio-80-exec-5] c.e.s.Controller.BookController          : info...
2022-04-07 22:36:06.744  WARN 24276 --- [http-nio-80-exec-5] c.e.s.Controller.BookController          : warn...
2022-04-07 22:36:06.744 ERROR 24276 --- [http-nio-80-exec-5] c.e.s.Controller.BookController          : error...
2022-04-07 22:36:06.744 DEBUG 24276 --- [http-nio-80-exec-5] m.m.a.RequestResponseBodyMethodProcessor : Using 'text/html', given [text/html, application/xhtml+xml, image/avif, image/webp, image/apng, application/xml;q=0.9, application/signed-exchange;v=b3;q=0.9, */*;q=0.8] and supported [text/plain, */*, text/plain, */*, application/json, application/*+json, application/json, application/*+json]
2022-04-07 22:36:06.744 DEBUG 24276 --- [http-nio-80-exec-5] m.m.a.RequestResponseBodyMethodProcessor : Writing ["SpringBoot is running!"]
2022-04-07 22:36:06.745 DEBUG 24276 --- [http-nio-80-exec-5] o.s.web.servlet.DispatcherServlet        : Completed 200 OK
2022-04-07 22:36:06.919 DEBUG 24276 --- [http-nio-80-exec-7] o.s.web.servlet.DispatcherServlet        : GET "/books", parameters={}
2022-04-07 22:36:06.919 DEBUG 24276 --- [http-nio-80-exec-7] s.w.s.m.m.a.RequestMappingHandlerMapping : Mapped to com.example.springboot_quick_starter.Controller.BookController#GetById()
2022-04-07 22:36:06.920 DEBUG 24276 --- [http-nio-80-exec-7] c.e.s.Controller.BookController          : debug...
2022-04-07 22:36:06.920  INFO 24276 --- [http-nio-80-exec-7] c.e.s.Controller.BookController          : info...
2022-04-07 22:36:06.920  WARN 24276 --- [http-nio-80-exec-7] c.e.s.Controller.BookController          : warn...
2022-04-07 22:36:06.920 ERROR 24276 --- [http-nio-80-exec-7] c.e.s.Controller.BookController          : error...
2022-04-07 22:36:06.920 DEBUG 24276 --- [http-nio-80-exec-7] m.m.a.RequestResponseBodyMethodProcessor : Using 'text/html', given [text/html, application/xhtml+xml, image/avif, image/webp, image/apng, application/xml;q=0.9, application/signed-exchange;v=b3;q=0.9, */*;q=0.8] and supported [text/plain, */*, text/plain, */*, application/json, application/*+json, application/json, application/*+json]
2022-04-07 22:36:06.920 DEBUG 24276 --- [http-nio-80-exec-7] m.m.a.RequestResponseBodyMethodProcessor : Writing ["SpringBoot is running!"]
2022-04-07 22:36:06.921 DEBUG 24276 --- [http-nio-80-exec-7] o.s.web.servlet.DispatcherServlet        : Completed 200 OK
2022-04-07 22:36:07.312 DEBUG 24276 --- [http-nio-80-exec-8] o.s.web.servlet.DispatcherServlet        : GET "/books", parameters={}
2022-04-07 22:36:07.313 DEBUG 24276 --- [http-nio-80-exec-8] s.w.s.m.m.a.RequestMappingHandlerMapping : Mapped to com.example.springboot_quick_starter.Controller.BookController#GetById()
2022-04-07 22:36:07.313 DEBUG 24276 --- [http-nio-80-exec-8] c.e.s.Controller.BookController          : debug...
2022-04-07 22:36:07.313  INFO 24276 --- [http-nio-80-exec-8] c.e.s.Controller.BookController          : info...
2022-04-07 22:36:07.313  WARN 24276 --- [http-nio-80-exec-8] c.e.s.Controller.BookController          : warn...
2022-04-07 22:36:07.313 ERROR 24276 --- [http-nio-80-exec-8] c.e.s.Controller.BookController          : error...
2022-04-07 22:36:07.313 DEBUG 24276 --- [http-nio-80-exec-8] m.m.a.RequestResponseBodyMethodProcessor : Using 'text/html', given [text/html, application/xhtml+xml, image/avif, image/webp, image/apng, application/xml;q=0.9, application/signed-exchange;v=b3;q=0.9, */*;q=0.8] and supported [text/plain, */*, text/plain, */*, application/json, application/*+json, application/json, application/*+json]
2022-04-07 22:36:07.313 DEBUG 24276 --- [http-nio-80-exec-8] m.m.a.RequestResponseBodyMethodProcessor : Writing ["SpringBoot is running!"]
2022-04-07 22:36:07.314 DEBUG 24276 --- [http-nio-80-exec-8] o.s.web.servlet.DispatcherServlet        : Completed 200 OK
