2022-04-07 22:36:02.465 DEBUG 24276 --- [http-nio-80-exec-1] o.s.web.servlet.DispatcherServlet        : GET "/books", parameters={}
2022-04-07 22:36:02.467 DEBUG 24276 --- [http-nio-80-exec-1] s.w.s.m.m.a.RequestMappingHandlerMapping : Mapped to com.example.springboot_quick_starter.Controller.BookController#GetById()
2022-04-07 22:36:02.467 DEBUG 24276 --- [http-nio-80-exec-1] c.e.s.Controller.BookController          : debug...
2022-04-07 22:36:02.467  INFO 24276 --- [http-nio-80-exec-1] c.e.s.Controller.BookController          : info...
2022-04-07 22:36:02.467  WARN 24276 --- [http-nio-80-exec-1] c.e.s.Controller.BookController          : warn...
2022-04-07 22:36:02.467 ERROR 24276 --- [http-nio-80-exec-1] c.e.s.Controller.BookController          : error...
2022-04-07 22:36:02.470 DEBUG 24276 --- [http-nio-80-exec-1] m.m.a.RequestResponseBodyMethodProcessor : Using 'text/html', given [text/html, application/xhtml+xml, image/avif, image/webp, image/apng, application/xml;q=0.9, application/signed-exchange;v=b3;q=0.9, */*;q=0.8] and supported [text/plain, */*, text/plain, */*, application/json, application/*+json, application/json, application/*+json]
2022-04-07 22:36:02.470 DEBUG 24276 --- [http-nio-80-exec-1] m.m.a.RequestResponseBodyMethodProcessor : Writing ["SpringBoot is running!"]
2022-04-07 22:36:02.471 DEBUG 24276 --- [http-nio-80-exec-1] o.s.web.servlet.DispatcherServlet        : Completed 200 OK
2022-04-07 22:36:03.146 DEBUG 24276 --- [http-nio-80-exec-4] o.s.web.servlet.DispatcherServlet        : GET "/books", parameters={}
2022-04-07 22:36:03.146 DEBUG 24276 --- [http-nio-80-exec-4] s.w.s.m.m.a.RequestMappingHandlerMapping : Mapped to com.example.springboot_quick_starter.Controller.BookController#GetById()
2022-04-07 22:36:03.146 DEBUG 24276 --- [http-nio-80-exec-4] c.e.s.Controller.BookController          : debug...
2022-04-07 22:36:03.147  INFO 24276 --- [http-nio-80-exec-4] c.e.s.Controller.BookController          : info...
2022-04-07 22:36:03.147  WARN 24276 --- [http-nio-80-exec-4] c.e.s.Controller.BookController          : warn...
2022-04-07 22:36:03.147 ERROR 24276 --- [http-nio-80-exec-4] c.e.s.Controller.BookController          : error...
2022-04-07 22:36:03.147 DEBUG 24276 --- [http-nio-80-exec-4] m.m.a.RequestResponseBodyMethodProcessor : Using 'text/html', given [text/html, application/xhtml+xml, image/avif, image/webp, image/apng, application/xml;q=0.9, application/signed-exchange;v=b3;q=0.9, */*;q=0.8] and supported [text/plain, */*, text/plain, */*, application/json, application/*+json, application/json, application/*+json]
2022-04-07 22:36:03.147 DEBUG 24276 --- [http-nio-80-exec-4] m.m.a.RequestResponseBodyMethodProcessor : Writing ["SpringBoot is running!"]
2022-04-07 22:36:03.148 DEBUG 24276 --- [http-nio-80-exec-4] o.s.web.servlet.DispatcherServlet        : Completed 200 OK
2022-04-07 22:36:03.666 DEBUG 24276 --- [http-nio-80-exec-5] o.s.web.servlet.DispatcherServlet        : GET "/books", parameters={}
2022-04-07 22:36:03.666 DEBUG 24276 --- [http-nio-80-exec-5] s.w.s.m.m.a.RequestMappingHandlerMapping : Mapped to com.example.springboot_quick_starter.Controller.BookController#GetById()
2022-04-07 22:36:03.666 DEBUG 24276 --- [http-nio-80-exec-5] c.e.s.Controller.BookController          : debug...
2022-04-07 22:36:03.667  INFO 24276 --- [http-nio-80-exec-5] c.e.s.Controller.BookController          : info...
2022-04-07 22:36:03.667  WARN 24276 --- [http-nio-80-exec-5] c.e.s.Controller.BookController          : warn...
2022-04-07 22:36:03.667 ERROR 24276 --- [http-nio-80-exec-5] c.e.s.Controller.BookController          : error...
2022-04-07 22:36:03.667 DEBUG 24276 --- [http-nio-80-exec-5] m.m.a.RequestResponseBodyMethodProcessor : Using 'text/html', given [text/html, application/xhtml+xml, image/avif, image/webp, image/apng, application/xml;q=0.9, application/signed-exchange;v=b3;q=0.9, */*;q=0.8] and supported [text/plain, */*, text/plain, */*, application/json, application/*+json, application/json, application/*+json]
2022-04-07 22:36:03.667 DEBUG 24276 --- [http-nio-80-exec-5] m.m.a.RequestResponseBodyMethodProcessor : Writing ["SpringBoot is running!"]
2022-04-07 22:36:03.668 DEBUG 24276 --- [http-nio-80-exec-5] o.s.web.servlet.DispatcherServlet        : Completed 200 OK
2022-04-07 22:36:04.114 DEBUG 24276 --- [http-nio-80-exec-7] o.s.web.servlet.DispatcherServlet        : GET "/books", parameters={}
2022-04-07 22:36:04.114 DEBUG 24276 --- [http-nio-80-exec-7] s.w.s.m.m.a.RequestMappingHandlerMapping : Mapped to com.example.springboot_quick_starter.Controller.BookController#GetById()
2022-04-07 22:36:04.114 DEBUG 24276 --- [http-nio-80-exec-7] c.e.s.Controller.BookController          : debug...
2022-04-07 22:36:04.114  INFO 24276 --- [http-nio-80-exec-7] c.e.s.Controller.BookController          : info...
2022-04-07 22:36:04.114  WARN 24276 --- [http-nio-80-exec-7] c.e.s.Controller.BookController          : warn...
2022-04-07 22:36:04.114 ERROR 24276 --- [http-nio-80-exec-7] c.e.s.Controller.BookController          : error...
2022-04-07 22:36:04.115 DEBUG 24276 --- [http-nio-80-exec-7] m.m.a.RequestResponseBodyMethodProcessor : Using 'text/html', given [text/html, application/xhtml+xml, image/avif, image/webp, image/apng, application/xml;q=0.9, application/signed-exchange;v=b3;q=0.9, */*;q=0.8] and supported [text/plain, */*, text/plain, */*, application/json, application/*+json, application/json, application/*+json]
2022-04-07 22:36:04.115 DEBUG 24276 --- [http-nio-80-exec-7] m.m.a.RequestResponseBodyMethodProcessor : Writing ["SpringBoot is running!"]
2022-04-07 22:36:04.115 DEBUG 24276 --- [http-nio-80-exec-7] o.s.web.servlet.DispatcherServlet        : Completed 200 OK
2022-04-07 22:36:04.419 DEBUG 24276 --- [http-nio-80-exec-8] o.s.web.servlet.DispatcherServlet        : GET "/books", parameters={}
2022-04-07 22:36:04.419 DEBUG 24276 --- [http-nio-80-exec-8] s.w.s.m.m.a.RequestMappingHandlerMapping : Mapped to com.example.springboot_quick_starter.Controller.BookController#GetById()
2022-04-07 22:36:04.419 DEBUG 24276 --- [http-nio-80-exec-8] c.e.s.Controller.BookController          : debug...
