2022-04-07 22:36:05.411 DEBUG 24276 --- [http-nio-80-exec-10] o.s.web.servlet.DispatcherServlet        : Completed 200 OK
2022-04-07 22:36:05.683 DEBUG 24276 --- [http-nio-80-exec-2] o.s.web.servlet.DispatcherServlet        : GET "/books", parameters={}
2022-04-07 22:36:05.683 DEBUG 24276 --- [http-nio-80-exec-2] s.w.s.m.m.a.RequestMappingHandlerMapping : Mapped to com.example.springboot_quick_starter.Controller.BookController#GetById()
2022-04-07 22:36:05.683 DEBUG 24276 --- [http-nio-80-exec-2] c.e.s.Controller.BookController          : debug...
2022-04-07 22:36:05.683  INFO 24276 --- [http-nio-80-exec-2] c.e.s.Controller.BookController          : info...
2022-04-07 22:36:05.683  WARN 24276 --- [http-nio-80-exec-2] c.e.s.Controller.BookController          : warn...
2022-04-07 22:36:05.684 ERROR 24276 --- [http-nio-80-exec-2] c.e.s.Controller.BookController          : error...
2022-04-07 22:36:05.684 DEBUG 24276 --- [http-nio-80-exec-2] m.m.a.RequestResponseBodyMethodProcessor : Using 'text/html', given [text/html, application/xhtml+xml, image/avif, image/webp, image/apng, application/xml;q=0.9, application/signed-exchange;v=b3;q=0.9, */*;q=0.8] and supported [text/plain, */*, text/plain, */*, application/json, application/*+json, application/json, application/*+json]
2022-04-07 22:36:05.684 DEBUG 24276 --- [http-nio-80-exec-2] m.m.a.RequestResponseBodyMethodProcessor : Writing ["SpringBoot is running!"]
2022-04-07 22:36:05.685 DEBUG 24276 --- [http-nio-80-exec-2] o.s.web.servlet.DispatcherServlet        : Completed 200 OK
2022-04-07 22:36:05.987 DEBUG 24276 --- [http-nio-80-exec-3] o.s.web.servlet.DispatcherServlet        : GET "/books", parameters={}
2022-04-07 22:36:05.988 DEBUG 24276 --- [http-nio-80-exec-3] s.w.s.m.m.a.RequestMappingHandlerMapping : Mapped to com.example.springboot_quick_starter.Controller.BookController#GetById()
2022-04-07 22:36:05.988 DEBUG 24276 --- [http-nio-80-exec-3] c.e.s.Controller.BookController          : debug...
2022-04-07 22:36:05.988  INFO 24276 --- [http-nio-80-exec-3] c.e.s.Controller.BookController          : info...
2022-04-07 22:36:05.988  WARN 24276 --- [http-nio-80-exec-3] c.e.s.Controller.BookController          : warn...
2022-04-07 22:36:05.988 ERROR 24276 --- [http-nio-80-exec-3] c.e.s.Controller.BookController          : error...
2022-04-07 22:36:05.989 DEBUG 24276 --- [http-nio-80-exec-3] m.m.a.RequestResponseBodyMethodProcessor : Using 'text/html', given [text/html, application/xhtml+xml, image/avif, image/webp, image/apng, application/xml;q=0.9, application/signed-exchange;v=b3;q=0.9, */*;q=0.8] and supported [text/plain, */*, text/plain, */*, application/json, application/*+json, application/json, application/*+json]
2022-04-07 22:36:05.989 DEBUG 24276 --- [http-nio-80-exec-3] m.m.a.RequestResponseBodyMethodProcessor : Writing ["SpringBoot is running!"]
2022-04-07 22:36:05.990 DEBUG 24276 --- [http-nio-80-exec-3] o.s.web.servlet.DispatcherServlet        : Completed 200 OK
2022-04-07 22:36:06.275 DEBUG 24276 --- [http-nio-80-exec-1] o.s.web.servlet.DispatcherServlet        : GET "/books", parameters={}
2022-04-07 22:36:06.275 DEBUG 24276 --- [http-nio-80-exec-1] s.w.s.m.m.a.RequestMappingHandlerMapping : Mapped to com.example.springboot_quick_starter.Controller.BookController#GetById()
2022-04-07 22:36:06.275 DEBUG 24276 --- [http-nio-80-exec-1] c.e.s.Controller.BookController          : debug...
2022-04-07 22:36:06.275  INFO 24276 --- [http-nio-80-exec-1] c.e.s.Controller.BookController          : info...
2022-04-07 22:36:06.275  WARN 24276 --- [http-nio-80-exec-1] c.e.s.Controller.BookController          : warn...
2022-04-07 22:36:06.275 ERROR 24276 --- [http-nio-80-exec-1] c.e.s.Controller.BookController          : error...
2022-04-07 22:36:06.276 DEBUG 24276 --- [http-nio-80-exec-1] m.m.a.RequestResponseBodyMethodProcessor : Using 'text/html', given [text/html, application/xhtml+xml, image/avif, image/webp, image/apng, application/xml;q=0.9, application/signed-exchange;v=b3;q=0.9, */*;q=0.8] and supported [text/plain, */*, text/plain, */*, application/json, application/*+json, application/json, application/*+json]
2022-04-07 22:36:06.276 DEBUG 24276 --- [http-nio-80-exec-1] m.m.a.RequestResponseBodyMethodProcessor : Writing ["SpringBoot is running!"]
2022-04-07 22:36:06.276 DEBUG 24276 --- [http-nio-80-exec-1] o.s.web.servlet.DispatcherServlet        : Completed 200 OK
2022-04-07 22:36:06.505 DEBUG 24276 --- [http-nio-80-exec-4] o.s.web.servlet.DispatcherServlet        : GET "/books", parameters={}
2022-04-07 22:36:06.506 DEBUG 24276 --- [http-nio-80-exec-4] s.w.s.m.m.a.RequestMappingHandlerMapping : Mapped to com.example.springboot_quick_starter.Controller.BookController#GetById()
2022-04-07 22:36:06.506 DEBUG 24276 --- [http-nio-80-exec-4] c.e.s.Controller.BookController          : debug...
2022-04-07 22:36:06.506  INFO 24276 --- [http-nio-80-exec-4] c.e.s.Controller.BookController          : info...
