2022-04-07 22:36:04.419  INFO 24276 --- [http-nio-80-exec-8] c.e.s.Controller.BookController          : info...
2022-04-07 22:36:04.421  WARN 24276 --- [http-nio-80-exec-8] c.e.s.Controller.BookController          : warn...
2022-04-07 22:36:04.421 ERROR 24276 --- [http-nio-80-exec-8] c.e.s.Controller.BookController          : error...
2022-04-07 22:36:04.422 DEBUG 24276 --- [http-nio-80-exec-8] m.m.a.RequestResponseBodyMethodProcessor : Using 'text/html', given [text/html, application/xhtml+xml, image/avif, image/webp, image/apng, application/xml;q=0.9, application/signed-exchange;v=b3;q=0.9, */*;q=0.8] and supported [text/plain, */*, text/plain, */*, application/json, application/*+json, application/json, application/*+json]
2022-04-07 22:36:04.424 DEBUG 24276 --- [http-nio-80-exec-8] m.m.a.RequestResponseBodyMethodProcessor : Writing ["SpringBoot is running!"]
2022-04-07 22:36:04.425 DEBUG 24276 --- [http-nio-80-exec-8] o.s.web.servlet.DispatcherServlet        : Completed 200 OK
2022-04-07 22:36:04.745 DEBUG 24276 --- [http-nio-80-exec-6] o.s.web.servlet.DispatcherServlet        : GET "/books", parameters={}
2022-04-07 22:36:04.746 DEBUG 24276 --- [http-nio-80-exec-6] s.w.s.m.m.a.RequestMappingHandlerMapping : Mapped to com.example.springboot_quick_starter.Controller.BookController#GetById()
2022-04-07 22:36:04.746 DEBUG 24276 --- [http-nio-80-exec-6] c.e.s.Controller.BookController          : debug...
2022-04-07 22:36:04.746  INFO 24276 --- [http-nio-80-exec-6] c.e.s.Controller.BookController          : info...
2022-04-07 22:36:04.746  WARN 24276 --- [http-nio-80-exec-6] c.e.s.Controller.BookController          : warn...
2022-04-07 22:36:04.746 ERROR 24276 --- [http-nio-80-exec-6] c.e.s.Controller.BookController          : error...
2022-04-07 22:36:04.746 DEBUG 24276 --- [http-nio-80-exec-6] m.m.a.RequestResponseBodyMethodProcessor : Using 'text/html', given [text/html, application/xhtml+xml, image/avif, image/webp, image/apng, application/xml;q=0.9, application/signed-exchange;v=b3;q=0.9, */*;q=0.8] and supported [text/plain, */*, text/plain, */*, application/json, application/*+json, application/json, application/*+json]
2022-04-07 22:36:04.746 DEBUG 24276 --- [http-nio-80-exec-6] m.m.a.RequestResponseBodyMethodProcessor : Writing ["SpringBoot is running!"]
2022-04-07 22:36:04.747 DEBUG 24276 --- [http-nio-80-exec-6] o.s.web.servlet.DispatcherServlet        : Completed 200 OK
2022-04-07 22:36:05.080 DEBUG 24276 --- [http-nio-80-exec-9] o.s.web.servlet.DispatcherServlet        : GET "/books", parameters={}
2022-04-07 22:36:05.081 DEBUG 24276 --- [http-nio-80-exec-9] s.w.s.m.m.a.RequestMappingHandlerMapping : Mapped to com.example.springboot_quick_starter.Controller.BookController#GetById()
2022-04-07 22:36:05.081 DEBUG 24276 --- [http-nio-80-exec-9] c.e.s.Controller.BookController          : debug...
2022-04-07 22:36:05.081  INFO 24276 --- [http-nio-80-exec-9] c.e.s.Controller.BookController          : info...
2022-04-07 22:36:05.081  WARN 24276 --- [http-nio-80-exec-9] c.e.s.Controller.BookController          : warn...
2022-04-07 22:36:05.081 ERROR 24276 --- [http-nio-80-exec-9] c.e.s.Controller.BookController          : error...
2022-04-07 22:36:05.081 DEBUG 24276 --- [http-nio-80-exec-9] m.m.a.RequestResponseBodyMethodProcessor : Using 'text/html', given [text/html, application/xhtml+xml, image/avif, image/webp, image/apng, application/xml;q=0.9, application/signed-exchange;v=b3;q=0.9, */*;q=0.8] and supported [text/plain, */*, text/plain, */*, application/json, application/*+json, application/json, application/*+json]
2022-04-07 22:36:05.081 DEBUG 24276 --- [http-nio-80-exec-9] m.m.a.RequestResponseBodyMethodProcessor : Writing ["SpringBoot is running!"]
2022-04-07 22:36:05.082 DEBUG 24276 --- [http-nio-80-exec-9] o.s.web.servlet.DispatcherServlet        : Completed 200 OK
2022-04-07 22:36:05.409 DEBUG 24276 --- [http-nio-80-exec-10] o.s.web.servlet.DispatcherServlet        : GET "/books", parameters={}
2022-04-07 22:36:05.410 DEBUG 24276 --- [http-nio-80-exec-10] s.w.s.m.m.a.RequestMappingHandlerMapping : Mapped to com.example.springboot_quick_starter.Controller.BookController#GetById()
2022-04-07 22:36:05.410 DEBUG 24276 --- [http-nio-80-exec-10] c.e.s.Controller.BookController          : debug...
2022-04-07 22:36:05.410  INFO 24276 --- [http-nio-80-exec-10] c.e.s.Controller.BookController          : info...
2022-04-07 22:36:05.410  WARN 24276 --- [http-nio-80-exec-10] c.e.s.Controller.BookController          : warn...
2022-04-07 22:36:05.410 ERROR 24276 --- [http-nio-80-exec-10] c.e.s.Controller.BookController          : error...
2022-04-07 22:36:05.410 DEBUG 24276 --- [http-nio-80-exec-10] m.m.a.RequestResponseBodyMethodProcessor : Using 'text/html', given [text/html, application/xhtml+xml, image/avif, image/webp, image/apng, application/xml;q=0.9, application/signed-exchange;v=b3;q=0.9, */*;q=0.8] and supported [text/plain, */*, text/plain, */*, application/json, application/*+json, application/json, application/*+json]
2022-04-07 22:36:05.410 DEBUG 24276 --- [http-nio-80-exec-10] m.m.a.RequestResponseBodyMethodProcessor : Writing ["SpringBoot is running!"]
